#
# There is insufficient memory for the Java Runtime Environment to continue.
# Native memory allocation (mmap) failed to map 264241152 bytes for G1 virtual space
# Possible reasons:
#   The system is out of physical RAM or swap space
#   The process is running with CompressedOops enabled, and the Java Heap may be blocking the growth of the native heap
# Possible solutions:
#   Reduce memory load on the system
#   Increase physical memory or swap space
#   Check if swap backing store is full
#   Decrease Java heap size (-Xmx/-Xms)
#   Decrease number of Java threads
#   Decrease Java thread stack sizes (-Xss)
#   Set larger code cache with -XX:ReservedCodeCacheSize=
#   JVM is running with Zero Based Compressed Oops mode in which the Java heap is
#     placed in the first 32GB address space. The Java Heap base address is the
#     maximum limit for the native heap growth. Please use -XX:HeapBaseMinAddress
#     to set the Java Heap base and to place the Java Heap above 32GB virtual address.
# This output file may be truncated or incomplete.
#
#  Out of Memory Error (os_windows.cpp:3600), pid=8680, tid=12520
#
# JRE version:  (21.0.2+13) (build )
# Java VM: Java HotSpot(TM) 64-Bit Server VM (21.0.2+13-LTS-58, mixed mode, sharing, tiered, compressed oops, compressed class ptrs, g1 gc, windows-amd64)
# No core dump will be written. Minidumps are not enabled by default on client versions of Windows
#

---------------  S U M M A R Y ------------

Command Line: -javaagent:D:\Application\java\idea\IntelliJ IDEA 2023.3\lib\idea_rt.jar=60208:D:\Application\java\idea\IntelliJ IDEA 2023.3\bin -Dfile.encoding=UTF-8 -Dsun.stdout.encoding=UTF-8 -Dsun.stderr.encoding=UTF-8 pratices.pratices

Host: 11th Gen Intel(R) Core(TM) i7-11700 @ 2.50GHz, 16 cores, 15G,  Windows 11 , 64 bit Build 22621 (10.0.22621.3085)
Time: Mon Mar  4 11:25:47 2024  Windows 11 , 64 bit Build 22621 (10.0.22621.3085) elapsed time: 0.014106 seconds (0d 0h 0m 0s)

---------------  T H R E A D  ---------------

Current thread (0x000001fd4ec10050):  JavaThread "Unknown thread" [_thread_in_vm, id=12520, stack(0x00000018f5200000,0x00000018f5300000) (1024K)]

Stack: [0x00000018f5200000,0x00000018f5300000]
Native frames: (J=compiled Java code, j=interpreted, Vv=VM code, C=native code)
V  [jvm.dll+0x6cade9]
V  [jvm.dll+0x8569c1]
V  [jvm.dll+0x858d2e]
V  [jvm.dll+0x859413]
V  [jvm.dll+0x280e56]
V  [jvm.dll+0x6c74d5]
V  [jvm.dll+0x6bbeca]
V  [jvm.dll+0x355bca]
V  [jvm.dll+0x35d816]
V  [jvm.dll+0x3ae67e]
V  [jvm.dll+0x3ae928]
V  [jvm.dll+0x3295dc]
V  [jvm.dll+0x32a16b]
V  [jvm.dll+0x81efa9]
V  [jvm.dll+0x3bba01]
V  [jvm.dll+0x807928]
V  [jvm.dll+0x44f50e]
V  [jvm.dll+0x450e11]
C  [jli.dll+0x52a3]
C  [ucrtbase.dll+0x29363]
C  [KERNEL32.DLL+0x1257d]
C  [ntdll.dll+0x5aa58]


---------------  P R O C E S S  ---------------

Threads class SMR info:
_java_thread_list=0x00007ffe87bfbb88, length=0, elements={
}

Java Threads: ( => current thread )
Total: 0

Other Threads:
  0x000001fd4ef2e690 WorkerThread "GC Thread#0"                     [id=1620, stack(0x00000018f5300000,0x00000018f5400000) (1024K)]
  0x000001fd4ef3f2f0 ConcurrentGCThread "G1 Main Marker"            [id=27748, stack(0x00000018f5400000,0x00000018f5500000) (1024K)]
  0x000001fd4ef40e00 WorkerThread "G1 Conc#0"                       [id=1148, stack(0x00000018f5500000,0x00000018f5600000) (1024K)]

[error occurred during error reporting (printing all threads), id 0xc0000005, EXCEPTION_ACCESS_VIOLATION (0xc0000005) at pc=0x00007ffe8736c6a7]
VM state: not at safepoint (not fully initialized)

VM Mutex/Monitor currently owned by a thread:  ([mutex/lock_event])
[0x00007ffe87c6ce68] Heap_lock - owner thread: 0x000001fd4ec10050

Heap address: 0x0000000704400000, size: 4028 MB, Compressed Oops mode: Zero based, Oop shift amount: 3

CDS archive(s) mapped at: [0x0000000000000000-0x0000000000000000-0x0000000000000000), size 0, SharedBaseAddress: 0x0000000800000000, ArchiveRelocationMode: 1.
Narrow klass base: 0x0000000000000000, Narrow klass shift: 0, Narrow klass range: 0x0

GC Precious Log:
 CardTable entry size: 512
 Card Set container configuration: InlinePtr #cards 4 size 8 Array Of Cards #cards 16 size 48 Howl #buckets 8 coarsen threshold 3686 Howl Bitmap #cards 512 size 80 coarsen threshold 460 Card regions per heap region 1 cards per card region 4096

Heap:
 garbage-first heap   total 0K, used 0K [0x0000000704400000, 0x0000000800000000)
  region size 2048K, 0 young (0K), 0 survivors (0K)

[error occurred during error reporting (printing heap information), id 0xc0000005, EXCEPTION_ACCESS_VIOLATION (0xc0000005) at pc=0x00007ffe877539f9]
GC Heap History (0 events):
No events

Dll operation events (1 events):
Event: 0.011 Loaded shared library D:\Application\java\bin\java.dll

Deoptimization events (0 events):
No events

Classes loaded (0 events):
No events

Classes unloaded (0 events):
No events

Classes redefined (0 events):
No events

Internal exceptions (0 events):
No events

ZGC Phase Switch (0 events):
No events

VM Operations (0 events):
No events

Events (0 events):
No events


Dynamic libraries:
0x00007ff758390000 - 0x00007ff7583a0000 	D:\Application\java\bin\java.exe
0x00007fff57810000 - 0x00007fff57a27000 	C:\WINDOWS\SYSTEM32\ntdll.dll
0x00007fff56690000 - 0x00007fff56754000 	C:\WINDOWS\System32\KERNEL32.DLL
0x00007fff54ef0000 - 0x00007fff55296000 	C:\WINDOWS\System32\KERNELBASE.dll
0x00007fff54d10000 - 0x00007fff54e21000 	C:\WINDOWS\System32\ucrtbase.dll
0x00007fff44880000 - 0x00007fff44899000 	D:\Application\java\bin\jli.dll
0x00007fff17e30000 - 0x00007fff17e4b000 	D:\Application\java\bin\VCRUNTIME140.dll
0x00007fff57430000 - 0x00007fff574e3000 	C:\WINDOWS\System32\ADVAPI32.dll
0x00007fff56a90000 - 0x00007fff56b37000 	C:\WINDOWS\System32\msvcrt.dll
0x00007fff57520000 - 0x00007fff575c8000 	C:\WINDOWS\System32\sechost.dll
0x00007fff55530000 - 0x00007fff55558000 	C:\WINDOWS\System32\bcrypt.dll
0x00007fff55d60000 - 0x00007fff55e77000 	C:\WINDOWS\System32\RPCRT4.dll
0x00007fff56760000 - 0x00007fff5690e000 	C:\WINDOWS\System32\USER32.dll
0x00007fff54b50000 - 0x00007fff54b76000 	C:\WINDOWS\System32\win32u.dll
0x00007fff398f0000 - 0x00007fff39b83000 	C:\WINDOWS\WinSxS\amd64_microsoft.windows.common-controls_6595b64144ccf1df_6.0.22621.2506_none_270c5ae97388e100\COMCTL32.dll
0x00007fff574f0000 - 0x00007fff57519000 	C:\WINDOWS\System32\GDI32.dll
0x00007fff54b80000 - 0x00007fff54c98000 	C:\WINDOWS\System32\gdi32full.dll
0x00007fff55490000 - 0x00007fff5552a000 	C:\WINDOWS\System32\msvcp_win.dll
0x00007fff45260000 - 0x00007fff4526a000 	C:\WINDOWS\SYSTEM32\VERSION.dll
0x00007fff575d0000 - 0x00007fff57601000 	C:\WINDOWS\System32\IMM32.DLL
0x00007fff3bc00000 - 0x00007fff3bc0c000 	D:\Application\java\bin\vcruntime140_1.dll
0x00007ffeb6530000 - 0x00007ffeb65be000 	D:\Application\java\bin\msvcp140.dll
0x00007ffe87030000 - 0x00007ffe87d47000 	D:\Application\java\bin\server\jvm.dll
0x00007fff56600000 - 0x00007fff56671000 	C:\WINDOWS\System32\WS2_32.dll
0x00007fff547c0000 - 0x00007fff5480d000 	C:\WINDOWS\SYSTEM32\POWRPROF.dll
0x00007fff4a740000 - 0x00007fff4a774000 	C:\WINDOWS\SYSTEM32\WINMM.dll
0x00007fff545c0000 - 0x00007fff545d3000 	C:\WINDOWS\SYSTEM32\UMPDC.dll
0x00007fff53b90000 - 0x00007fff53ba8000 	C:\WINDOWS\SYSTEM32\kernel.appcore.dll
0x00007fff2dbc0000 - 0x00007fff2dbca000 	D:\Application\java\bin\jimage.dll
0x00007fff52230000 - 0x00007fff52463000 	C:\WINDOWS\SYSTEM32\DBGHELP.DLL
0x00007fff55e90000 - 0x00007fff56219000 	C:\WINDOWS\System32\combase.dll
0x00007fff57690000 - 0x00007fff57767000 	C:\WINDOWS\System32\OLEAUT32.dll
0x00007fff39600000 - 0x00007fff39632000 	C:\WINDOWS\SYSTEM32\dbgcore.DLL
0x00007fff552a0000 - 0x00007fff5531a000 	C:\WINDOWS\System32\bcryptPrimitives.dll
0x00007ffefbc00000 - 0x00007ffefbc0f000 	D:\Application\java\bin\instrument.dll
0x00007fff17970000 - 0x00007fff1798f000 	D:\Application\java\bin\java.dll

dbghelp: loaded successfully - version: 4.0.5 - missing functions: none
symbol engine: initialized successfully - sym options: 0x614 - pdb path: .;D:\Application\java\bin;C:\WINDOWS\SYSTEM32;C:\WINDOWS\WinSxS\amd64_microsoft.windows.common-controls_6595b64144ccf1df_6.0.22621.2506_none_270c5ae97388e100;D:\Application\java\bin\server

VM Arguments:
jvm_args: -javaagent:D:\Application\java\idea\IntelliJ IDEA 2023.3\lib\idea_rt.jar=60208:D:\Application\java\idea\IntelliJ IDEA 2023.3\bin -Dfile.encoding=UTF-8 -Dsun.stdout.encoding=UTF-8 -Dsun.stderr.encoding=UTF-8 
java_command: pratices.pratices
java_class_path (initial): D:\Application\java\idea\code\MVC\out\production\MVC
Launcher Type: SUN_STANDARD

[Global flags]
     intx CICompilerCount                          = 12                                        {product} {ergonomic}
     uint ConcGCThreads                            = 3                                         {product} {ergonomic}
     uint G1ConcRefinementThreads                  = 13                                        {product} {ergonomic}
   size_t G1HeapRegionSize                         = 2097152                                   {product} {ergonomic}
    uintx GCDrainStackTargetSize                   = 64                                        {product} {ergonomic}
   size_t InitialHeapSize                          = 264241152                                 {product} {ergonomic}
   size_t MarkStackSize                            = 4194304                                   {product} {ergonomic}
   size_t MaxHeapSize                              = 4223664128                                {product} {ergonomic}
   size_t MinHeapDeltaBytes                        = 2097152                                   {product} {ergonomic}
   size_t MinHeapSize                              = 8388608                                   {product} {ergonomic}
    uintx NonNMethodCodeHeapSize                   = 7602480                                {pd product} {ergonomic}
    uintx NonProfiledCodeHeapSize                  = 122027880                              {pd product} {ergonomic}
    uintx ProfiledCodeHeapSize                     = 122027880                              {pd product} {ergonomic}
    uintx ReservedCodeCacheSize                    = 251658240                              {pd product} {ergonomic}
     bool SegmentedCodeCache                       = true                                      {product} {ergonomic}
   size_t SoftMaxHeapSize                          = 4223664128                             {manageable} {ergonomic}
     bool UseCompressedOops                        = true                           {product lp64_product} {ergonomic}
     bool UseG1GC                                  = true                                      {product} {ergonomic}
     bool UseLargePagesIndividualAllocation        = false                                  {pd product} {ergonomic}

Logging:
Log output configuration:
 #0: stdout all=warning uptime,level,tags foldmultilines=false
 #1: stderr all=off uptime,level,tags foldmultilines=false

Environment Variables:
JAVA_HOME=D:\Application\java
PATH=C:\Program Files\Common Files\Oracle\Java\javapath;C:\WINDOWS\system32;C:\WINDOWS;C:\WINDOWS\System32\Wbem;C:\WINDOWS\System32\WindowsPowerShell\v1.0\;C:\WINDOWS\System32\OpenSSH\;C:\Program Files\dotnet\;D:\Application\python\pycharm\anaconda;D:\Application\python\pycharm\anaconda\Scripts;D:\Application\python\pycharm\anaconda\Library\bin;D:\Application\python\;D:\Application\python\Scripts\;D:\Application\Texstudio\texlive\texlive\2022\bin\win32;C:\Program Files\PuTTY\;D:\Application\Matlab-2021b-64bit\matlab\runtime\win64;D:\Application\Matlab-2021b-64bit\matlab\bin;D:\Application\java\bin;C:\Users\DELL\AppData\Local\Microsoft\WindowsApps;;D:\Application\python\pycharm\PyCharm 2018.3.7\bin;;D:\Application\python\pycharm\PyCharm Community Edition 2022.2.3\bin;
USERNAME=DELL
OS=Windows_NT
PROCESSOR_IDENTIFIER=Intel64 Family 6 Model 167 Stepping 1, GenuineIntel
TMP=C:\Users\DELL\AppData\Local\Temp
TEMP=C:\Users\DELL\AppData\Local\Temp




Periodic native trim disabled

---------------  S Y S T E M  ---------------

OS:
 Windows 11 , 64 bit Build 22621 (10.0.22621.3085)
OS uptime: 3 days 18:14 hours

CPU: total 16 (initial active 16) (8 cores per cpu, 2 threads per core) family 6 model 167 stepping 1 microcode 0x53, cx8, cmov, fxsr, ht, mmx, 3dnowpref, sse, sse2, sse3, ssse3, sse4.1, sse4.2, popcnt, lzcnt, tsc, tscinvbit, avx, avx2, aes, erms, clmul, bmi1, bmi2, adx, avx512f, avx512dq, avx512cd, avx512bw, avx512vl, sha, fma, vzeroupper, avx512_vpopcntdq, avx512_vpclmulqdq, avx512_vaes, avx512_vnni, clflush, clflushopt, avx512_vbmi2, avx512_vbmi, rdtscp, rdpid, fsrm, gfni, avx512_bitalg, f16c, pku, avx512_ifma
Processor Information for all 16 processors :
  Max Mhz: 2496, Current Mhz: 2496, Mhz Limit: 2496

Memory: 4k page, system-wide physical 16105M (774M free)
TotalPageFile size 30602M (AvailPageFile size 91M)
current process WorkingSet (physical memory assigned to process): 12M, peak: 12M
current process commit charge ("private bytes"): 70M, peak: 322M

vm_info: Java HotSpot(TM) 64-Bit Server VM (21.0.2+13-LTS-58) for windows-amd64 JRE (21.0.2+13-LTS-58), built on 2024-01-05T18:32:24Z by "mach5one" with MS VC++ 17.1 (VS2022)

END.
